<?xml version="1.0" encoding="UTF-8"?>
<!-- Generated by org.testng.reporters.JUnitReportReporter -->
<testsuite hostname="DESKTOP-6RB7BQR" failures="0" tests="3" name="Test.SampleTest" time="3.797" errors="0" timestamp="2020-12-26T15:13:22 IST" skipped="0">
  <testcase classname="Test.SampleTest" name="test3" time="0.307"/>
  <system-out/>
  <testcase classname="Test.SampleTest" name="test2" time="0.910"/>
  <system-out/>
  <testcase classname="Test.SampleTest" name="test1" time="2.580"/>
  <system-out/>
</testsuite> <!-- Test.SampleTest -->
